<?xml version="1.0" encoding="UTF-8"?>
<coverage generated="1618913991847" clover="3.2.0">
  <project timestamp="1618913991847" name="All files">
    <metrics statements="49" coveredstatements="42" conditionals="4" coveredconditionals="2" methods="11" coveredmethods="7" elements="64" coveredelements="51" complexity="0" loc="49" ncloc="49" packages="1" files="4" classes="4"/>
    <file name="CountriesList.js" path="D:\GIT\CovidTracker\src\components\CountriesList.js">
      <metrics statements="29" coveredstatements="29" conditionals="2" coveredconditionals="2" methods="8" coveredmethods="7"/>
      <line num="19" count="2" type="stmt"/>
      <line num="20" count="2" type="stmt"/>
      <line num="21" count="2" type="stmt"/>
      <line num="22" count="2" type="stmt"/>
      <line num="24" count="2" type="stmt"/>
      <line num="55" count="6" type="stmt"/>
      <line num="56" count="6" type="stmt"/>
      <line num="57" count="6" type="stmt"/>
      <line num="59" count="6" type="stmt"/>
      <line num="60" count="4" type="stmt"/>
      <line num="61" count="4" type="stmt"/>
      <line num="62" count="1" type="stmt"/>
      <line num="63" count="1" type="stmt"/>
      <line num="64" count="1" type="stmt"/>
      <line num="67" count="6" type="stmt"/>
      <line num="68" count="4" type="stmt"/>
      <line num="71" count="6" type="stmt"/>
      <line num="73" count="6" type="stmt"/>
      <line num="74" count="1" type="stmt"/>
      <line num="75" count="2" type="stmt"/>
      <line num="76" count="2" type="stmt"/>
      <line num="78" count="2" type="stmt"/>
      <line num="80" count="1" type="stmt"/>
      <line num="83" count="6" type="stmt"/>
      <line num="86" count="6" type="stmt"/>
      <line num="92" count="6" type="cond" truecount="2" falsecount="0"/>
      <line num="93" count="2" type="stmt"/>
      <line num="100" count="4" type="stmt"/>
      <line num="113" count="1" type="stmt"/>
    </file>
    <file name="Header.js" path="D:\GIT\CovidTracker\src\components\Header.js">
      <metrics statements="3" coveredstatements="2" conditionals="0" coveredconditionals="0" methods="1" coveredmethods="0"/>
      <line num="4" count="2" type="stmt"/>
      <line num="16" count="2" type="stmt"/>
      <line num="17" count="0" type="stmt"/>
    </file>
    <file name="ListItem.js" path="D:\GIT\CovidTracker\src\components\ListItem.js">
      <metrics statements="12" coveredstatements="7" conditionals="2" coveredconditionals="0" methods="1" coveredmethods="0"/>
      <line num="6" count="2" type="stmt"/>
      <line num="7" count="2" type="stmt"/>
      <line num="8" count="2" type="stmt"/>
      <line num="9" count="2" type="stmt"/>
      <line num="10" count="2" type="stmt"/>
      <line num="12" count="2" type="stmt"/>
      <line num="70" count="2" type="stmt"/>
      <line num="71" count="0" type="stmt"/>
      <line num="72" count="0" type="stmt"/>
      <line num="73" count="0" type="stmt"/>
      <line num="74" count="0" type="stmt"/>
      <line num="76" count="0" type="stmt"/>
    </file>
    <file name="SearchBar.js" path="D:\GIT\CovidTracker\src\components\SearchBar.js">
      <metrics statements="5" coveredstatements="4" conditionals="0" coveredconditionals="0" methods="1" coveredmethods="0"/>
      <line num="13" count="2" type="stmt"/>
      <line num="14" count="2" type="stmt"/>
      <line num="21" count="2" type="stmt"/>
      <line num="51" count="2" type="stmt"/>
      <line num="52" count="0" type="stmt"/>
    </file>
  </project>
</coverage>
