{"D:\\GIT\\CovidTracker\\src\\components\\CountriesList.js": {"path":"D:\\GIT\\CovidTracker\\src\\components\\CountriesList.js","statementMap":{"0":{"start":{"line":19,"column":19},"end":{"line":19,"column":43}},"1":{"start":{"line":20,"column":23},"end":{"line":20,"column":32}},"2":{"start":{"line":21,"column":21},"end":{"line":21,"column":28}},"3":{"start":{"line":22,"column":19},"end":{"line":22,"column":25}},"4":{"start":{"line":24,"column":15},"end":{"line":52,"column":2}},"5":{"start":{"line":55,"column":32},"end":{"line":55,"column":52}},"6":{"start":{"line":56,"column":34},"end":{"line":56,"column":52}},"7":{"start":{"line":57,"column":42},"end":{"line":57,"column":60}},"8":{"start":{"line":59,"column":20},"end":{"line":65,"column":3}},"9":{"start":{"line":60,"column":4},"end":{"line":60,"column":21}},"10":{"start":{"line":61,"column":21},"end":{"line":61,"column":78}},"11":{"start":{"line":62,"column":4},"end":{"line":62,"column":22}},"12":{"start":{"line":63,"column":4},"end":{"line":63,"column":31}},"13":{"start":{"line":64,"column":4},"end":{"line":64,"column":35}},"14":{"start":{"line":67,"column":2},"end":{"line":69,"column":9}},"15":{"start":{"line":68,"column":4},"end":{"line":68,"column":16}},"16":{"start":{"line":71,"column":26},"end":{"line":71,"column":64}},"17":{"start":{"line":71,"column":40},"end":{"line":71,"column":64}},"18":{"start":{"line":73,"column":23},"end":{"line":81,"column":3}},"19":{"start":{"line":74,"column":25},"end":{"line":79,"column":6}},"20":{"start":{"line":75,"column":23},"end":{"line":75,"column":49}},"21":{"start":{"line":76,"column":23},"end":{"line":76,"column":41}},"22":{"start":{"line":78,"column":6},"end":{"line":78,"column":45}},"23":{"start":{"line":80,"column":4},"end":{"line":80,"column":34}},"24":{"start":{"line":83,"column":26},"end":{"line":83,"column":65}},"25":{"start":{"line":83,"column":32},"end":{"line":83,"column":65}},"26":{"start":{"line":86,"column":4},"end":{"line":89,"column":11}},"27":{"start":{"line":92,"column":2},"end":{"line":98,"column":3}},"28":{"start":{"line":93,"column":4},"end":{"line":97,"column":6}},"29":{"start":{"line":100,"column":2},"end":{"line":116,"column":4}},"30":{"start":{"line":113,"column":36},"end":{"line":113,"column":52}}},"fnMap":{"0":{"name":"PureCountriesList","decl":{"start":{"line":54,"column":16},"end":{"line":54,"column":33}},"loc":{"start":{"line":54,"column":36},"end":{"line":117,"column":1}},"line":54},"1":{"name":"(anonymous_1)","decl":{"start":{"line":59,"column":20},"end":{"line":59,"column":21}},"loc":{"start":{"line":59,"column":32},"end":{"line":65,"column":3}},"line":59},"2":{"name":"(anonymous_2)","decl":{"start":{"line":67,"column":18},"end":{"line":67,"column":19}},"loc":{"start":{"line":67,"column":24},"end":{"line":69,"column":3}},"line":67},"3":{"name":"(anonymous_3)","decl":{"start":{"line":71,"column":26},"end":{"line":71,"column":27}},"loc":{"start":{"line":71,"column":40},"end":{"line":71,"column":64}},"line":71},"4":{"name":"(anonymous_4)","decl":{"start":{"line":73,"column":23},"end":{"line":73,"column":24}},"loc":{"start":{"line":73,"column":33},"end":{"line":81,"column":3}},"line":73},"5":{"name":"(anonymous_5)","decl":{"start":{"line":74,"column":41},"end":{"line":74,"column":42}},"loc":{"start":{"line":74,"column":51},"end":{"line":79,"column":5}},"line":74},"6":{"name":"(anonymous_6)","decl":{"start":{"line":83,"column":26},"end":{"line":83,"column":27}},"loc":{"start":{"line":83,"column":32},"end":{"line":83,"column":65}},"line":83},"7":{"name":"(anonymous_7)","decl":{"start":{"line":113,"column":22},"end":{"line":113,"column":23}},"loc":{"start":{"line":113,"column":36},"end":{"line":113,"column":52}},"line":113}},"branchMap":{"0":{"loc":{"start":{"line":92,"column":2},"end":{"line":98,"column":3}},"type":"if","locations":[{"start":{"line":92,"column":2},"end":{"line":98,"column":3}},{"start":{"line":92,"column":2},"end":{"line":98,"column":3}}],"line":92}},"s":{"0":2,"1":2,"2":2,"3":2,"4":2,"5":6,"6":6,"7":6,"8":6,"9":4,"10":4,"11":1,"12":1,"13":1,"14":6,"15":4,"16":6,"17":1,"18":6,"19":1,"20":2,"21":2,"22":2,"23":1,"24":6,"25":0,"26":6,"27":6,"28":2,"29":4,"30":1},"f":{"0":6,"1":4,"2":4,"3":1,"4":1,"5":2,"6":0,"7":1},"b":{"0":[2,4]},"_coverageSchema":"1a1c01bbd47fc00a2c39e90264f33305004495a9","hash":"fabffda1ed18740f7c273ea86bf79147ea7b809c"}
,"D:\\GIT\\CovidTracker\\src\\components\\Header.js": {"path":"D:\\GIT\\CovidTracker\\src\\components\\Header.js","statementMap":{"0":{"start":{"line":4,"column":15},"end":{"line":14,"column":2}},"1":{"start":{"line":16,"column":15},"end":{"line":20,"column":1}},"2":{"start":{"line":17,"column":2},"end":{"line":19,"column":9}}},"fnMap":{"0":{"name":"(anonymous_0)","decl":{"start":{"line":16,"column":15},"end":{"line":16,"column":16}},"loc":{"start":{"line":17,"column":2},"end":{"line":19,"column":9}},"line":17}},"branchMap":{},"s":{"0":2,"1":2,"2":0},"f":{"0":0},"b":{},"_coverageSchema":"1a1c01bbd47fc00a2c39e90264f33305004495a9","hash":"fa8b4343311ef6e32986d1d496fac28d46374d79"}
,"D:\\GIT\\CovidTracker\\src\\components\\ListItem.js": {"path":"D:\\GIT\\CovidTracker\\src\\components\\ListItem.js","statementMap":{"0":{"start":{"line":6,"column":18},"end":{"line":6,"column":25}},"1":{"start":{"line":7,"column":24},"end":{"line":7,"column":30}},"2":{"start":{"line":8,"column":29},"end":{"line":8,"column":37}},"3":{"start":{"line":9,"column":27},"end":{"line":9,"column":32}},"4":{"start":{"line":10,"column":29},"end":{"line":10,"column":36}},"5":{"start":{"line":12,"column":15},"end":{"line":67,"column":2}},"6":{"start":{"line":70,"column":28},"end":{"line":112,"column":1}},"7":{"start":{"line":71,"column":19},"end":{"line":71,"column":24}},"8":{"start":{"line":72,"column":28},"end":{"line":72,"column":64}},"9":{"start":{"line":73,"column":24},"end":{"line":73,"column":56}},"10":{"start":{"line":74,"column":28},"end":{"line":74,"column":63}},"11":{"start":{"line":76,"column":2},"end":{"line":111,"column":4}}},"fnMap":{"0":{"name":"(anonymous_0)","decl":{"start":{"line":70,"column":28},"end":{"line":70,"column":29}},"loc":{"start":{"line":70,"column":39},"end":{"line":112,"column":1}},"line":70}},"branchMap":{"0":{"loc":{"start":{"line":87,"column":11},"end":{"line":87,"column":152}},"type":"cond-expr","locations":[{"start":{"line":87,"column":30},"end":{"line":87,"column":145}},{"start":{"line":87,"column":148},"end":{"line":87,"column":152}}],"line":87}},"s":{"0":2,"1":2,"2":2,"3":2,"4":2,"5":2,"6":2,"7":0,"8":0,"9":0,"10":0,"11":0},"f":{"0":0},"b":{"0":[0,0]},"_coverageSchema":"1a1c01bbd47fc00a2c39e90264f33305004495a9","hash":"dce497b5b2d6b2124eb6091b0af2e7cf1cc71313"}
,"D:\\GIT\\CovidTracker\\src\\components\\SearchBar.js": {"path":"D:\\GIT\\CovidTracker\\src\\components\\SearchBar.js","statementMap":{"0":{"start":{"line":13,"column":19},"end":{"line":13,"column":43}},"1":{"start":{"line":14,"column":15},"end":{"line":19,"column":1}},"2":{"start":{"line":21,"column":15},"end":{"line":49,"column":2}},"3":{"start":{"line":51,"column":18},"end":{"line":70,"column":1}},"4":{"start":{"line":52,"column":2},"end":{"line":69,"column":9}}},"fnMap":{"0":{"name":"(anonymous_0)","decl":{"start":{"line":51,"column":18},"end":{"line":51,"column":19}},"loc":{"start":{"line":52,"column":2},"end":{"line":69,"column":9}},"line":52}},"branchMap":{},"s":{"0":2,"1":2,"2":2,"3":2,"4":0},"f":{"0":0},"b":{},"_coverageSchema":"1a1c01bbd47fc00a2c39e90264f33305004495a9","hash":"c1819e7c9e68c347d6f33d73e2dabf10cd4b50bf"}
}
