TN:
SF:src\components\CountriesList.js
FN:54,PureCountriesList
FN:59,(anonymous_1)
FN:67,(anonymous_2)
FN:71,(anonymous_3)
FN:73,(anonymous_4)
FN:74,(anonymous_5)
FN:83,(anonymous_6)
FN:113,(anonymous_7)
FNF:8
FNH:7
FNDA:6,PureCountriesList
FNDA:4,(anonymous_1)
FNDA:4,(anonymous_2)
FNDA:1,(anonymous_3)
FNDA:1,(anonymous_4)
FNDA:2,(anonymous_5)
FNDA:0,(anonymous_6)
FNDA:1,(anonymous_7)
DA:19,2
DA:20,2
DA:21,2
DA:22,2
DA:24,2
DA:55,6
DA:56,6
DA:57,6
DA:59,6
DA:60,4
DA:61,4
DA:62,1
DA:63,1
DA:64,1
DA:67,6
DA:68,4
DA:71,6
DA:73,6
DA:74,1
DA:75,2
DA:76,2
DA:78,2
DA:80,1
DA:83,6
DA:86,6
DA:92,6
DA:93,2
DA:100,4
DA:113,1
LF:29
LH:29
BRDA:92,0,0,2
BRDA:92,0,1,4
BRF:2
BRH:2
end_of_record
TN:
SF:src\components\Header.js
FN:16,(anonymous_0)
FNF:1
FNH:0
FNDA:0,(anonymous_0)
DA:4,2
DA:16,2
DA:17,0
LF:3
LH:2
BRF:0
BRH:0
end_of_record
TN:
SF:src\components\ListItem.js
FN:70,(anonymous_0)
FNF:1
FNH:0
FNDA:0,(anonymous_0)
DA:6,2
DA:7,2
DA:8,2
DA:9,2
DA:10,2
DA:12,2
DA:70,2
DA:71,0
DA:72,0
DA:73,0
DA:74,0
DA:76,0
LF:12
LH:7
BRDA:87,0,0,0
BRDA:87,0,1,0
BRF:2
BRH:0
end_of_record
TN:
SF:src\components\SearchBar.js
FN:51,(anonymous_0)
FNF:1
FNH:0
FNDA:0,(anonymous_0)
DA:13,2
DA:14,2
DA:21,2
DA:51,2
DA:52,0
LF:5
LH:4
BRF:0
BRH:0
end_of_record
