TN:
SF:src\components\CountriesList.js
FN:54,PureCountriesList
FN:59,(anonymous_1)
FN:67,(anonymous_2)
FN:78,(anonymous_3)
FN:82,(anonymous_4)
FN:83,(anonymous_5)
FN:114,(anonymous_6)
FNF:7
FNH:7
FNDA:5,PureCountriesList
FNDA:3,(anonymous_1)
FNDA:3,(anonymous_2)
FNDA:1,(anonymous_3)
FNDA:1,(anonymous_4)
FNDA:2,(anonymous_5)
FNDA:1,(anonymous_6)
DA:19,2
DA:20,2
DA:21,2
DA:22,2
DA:24,2
DA:55,5
DA:56,5
DA:57,5
DA:59,5
DA:60,3
DA:61,3
DA:62,3
DA:63,3
DA:64,3
DA:67,5
DA:68,3
DA:72,5
DA:78,5
DA:80,5
DA:82,5
DA:83,1
DA:84,2
DA:85,2
DA:87,2
DA:90,1
DA:93,5
DA:94,2
DA:101,3
DA:114,1
LF:29
LH:29
BRDA:93,0,0,2
BRDA:93,0,1,3
BRF:2
BRH:2
end_of_record
TN:
SF:src\components\Header.js
FN:16,(anonymous_0)
FNF:1
FNH:0
FNDA:0,(anonymous_0)
DA:4,2
DA:16,2
DA:17,0
LF:3
LH:2
BRF:0
BRH:0
end_of_record
TN:
SF:src\components\ListItem.js
FN:70,(anonymous_0)
FNF:1
FNH:0
FNDA:0,(anonymous_0)
DA:6,2
DA:7,2
DA:8,2
DA:9,2
DA:10,2
DA:12,2
DA:70,2
DA:71,0
DA:72,0
DA:73,0
DA:74,0
DA:76,0
LF:12
LH:7
BRDA:87,0,0,0
BRDA:87,0,1,0
BRF:2
BRH:0
end_of_record
TN:
SF:src\components\SearchBar.js
FN:51,(anonymous_0)
FNF:1
FNH:0
FNDA:0,(anonymous_0)
DA:13,2
DA:14,2
DA:21,2
DA:51,2
DA:52,0
LF:5
LH:4
BRF:0
BRH:0
end_of_record
